<?xml version='1.0' encoding='UTF-8'?>
<testsuite hostname="Pranavs-MacBook-Pro.local" name="BreakspeareTest" tests="6" errors="0" failures="0" skipped="0" time="0.01" timestamp="2024-11-25T13:48:09">
          <properties>
[...]
</properties>
          <testcase classname="BreakspeareTest" name="createFuzzySet should work correctly with Double" time="0.005">
                      
                    </testcase><testcase classname="BreakspeareTest" name="assignGate should store and retrieve a FuzzySet in the environment" time="0.002">
                      
                    </testcase><testcase classname="BreakspeareTest" name="combine should perform Union operation correctly with Double" time="0.001">
                      
                    </testcase><testcase classname="BreakspeareTest" name="TestGate should evaluate membership correctly" time="0.0">
                      
                    </testcase><testcase classname="BreakspeareTest" name="Nested scope should isolate variables correctly" time="0.001">
                      
                    </testcase><testcase classname="BreakspeareTest" name="De Morgan's laws should hold for fuzzy sets" time="0.001">
                      
                    </testcase>
          <system-out><![CDATA[]]></system-out>
          <system-err><![CDATA[]]></system-err>
        </testsuite>